2023-10-26 10:12:36,227 - INFO - ====== WebDriver manager ======
2023-10-26 10:12:37,182 - INFO - Get LATEST chromedriver version for google-chrome
2023-10-26 10:12:37,610 - INFO - Get LATEST chromedriver version for google-chrome
2023-10-26 10:12:38,061 - INFO - Driver [C:\Users\camst\.wdm\drivers\chromedriver\win64\118.0.5993.70\chromedriver-win32/chromedriver.exe] found in cache
2023-10-26 10:12:42,777 - ERROR - Error while processing video 'Branch Report: Philippines': Message: element click intercepted: Element <button type="button" class="dropdownHandle">...</button> is not clickable at point (93, 829). Other element would receive the click: <div class="lnc-actionButtons">...</div>
  (Session info: chrome=118.0.5993.117)
Stacktrace:
	GetHandleVerifier [0x005A4DE3+43907]
	(No symbol) [0x00530741]
	(No symbol) [0x004233ED]
	(No symbol) [0x0045B5B1]
	(No symbol) [0x0045A0AF]
	(No symbol) [0x0045869B]
	(No symbol) [0x00457A35]
	(No symbol) [0x0044FF9A]
	(No symbol) [0x00472B5C]
	(No symbol) [0x0044F9D6]
	(No symbol) [0x00472DD4]
	(No symbol) [0x004855CA]
	(No symbol) [0x00472956]
	(No symbol) [0x0044E17E]
	(No symbol) [0x0044F32D]
	GetHandleVerifier [0x00855AF9+2865305]
	GetHandleVerifier [0x0089E78B+3163435]
	GetHandleVerifier [0x00898441+3138017]
	GetHandleVerifier [0x0062E0F0+605840]
	(No symbol) [0x0053A64C]
	(No symbol) [0x00536638]
	(No symbol) [0x0053675F]
	(No symbol) [0x00528DB7]
	BaseThreadInitThunk [0x77737BA9+25]
	RtlInitializeExceptionChain [0x77C1BD3B+107]
	RtlClearBits [0x77C1BCBF+191]

2023-10-26 10:15:58,610 - INFO - ====== WebDriver manager ======
2023-10-26 10:15:59,721 - INFO - Get LATEST chromedriver version for google-chrome
2023-10-26 10:16:00,128 - INFO - Get LATEST chromedriver version for google-chrome
2023-10-26 10:16:00,543 - INFO - Driver [C:\Users\camst\.wdm\drivers\chromedriver\win64\118.0.5993.70\chromedriver-win32/chromedriver.exe] found in cache
2023-10-26 10:16:02,941 - INFO - Accepted cookies.
2023-10-26 10:22:02,983 - INFO - ====== WebDriver manager ======
2023-10-26 10:22:04,221 - INFO - Get LATEST chromedriver version for google-chrome
2023-10-26 10:22:04,635 - INFO - Get LATEST chromedriver version for google-chrome
2023-10-26 10:22:05,043 - INFO - Driver [C:\Users\camst\.wdm\drivers\chromedriver\win64\118.0.5993.70\chromedriver-win32/chromedriver.exe] found in cache
2023-10-26 10:22:08,351 - ERROR - Error while accepting cookies: Message: element click intercepted: Element is not clickable at point (54, 1191)
  (Session info: chrome=118.0.5993.117)
Stacktrace:
	GetHandleVerifier [0x005A4DE3+43907]
	(No symbol) [0x00530741]
	(No symbol) [0x004233ED]
	(No symbol) [0x0045B5B1]
	(No symbol) [0x0045A0AF]
	(No symbol) [0x0045869B]
	(No symbol) [0x00457A35]
	(No symbol) [0x0044FF9A]
	(No symbol) [0x00472B5C]
	(No symbol) [0x0044F9D6]
	(No symbol) [0x00472DD4]
	(No symbol) [0x004855CA]
	(No symbol) [0x00472956]
	(No symbol) [0x0044E17E]
	(No symbol) [0x0044F32D]
	GetHandleVerifier [0x00855AF9+2865305]
	GetHandleVerifier [0x0089E78B+3163435]
	GetHandleVerifier [0x00898441+3138017]
	GetHandleVerifier [0x0062E0F0+605840]
	(No symbol) [0x0053A64C]
	(No symbol) [0x00536638]
	(No symbol) [0x0053675F]
	(No symbol) [0x00528DB7]
	BaseThreadInitThunk [0x77737BA9+25]
	RtlInitializeExceptionChain [0x77C1BD3B+107]
	RtlClearBits [0x77C1BCBF+191]

2023-10-26 10:22:10,445 - ERROR - Error while processing video 'Branch Report: Philippines': Message: element click intercepted: Element <button type="button" class="dropdownHandle">...</button> is not clickable at point (93, 829). Other element would receive the click: <div class="lnc-actionButtons">...</div>
  (Session info: chrome=118.0.5993.117)
Stacktrace:
	GetHandleVerifier [0x005A4DE3+43907]
	(No symbol) [0x00530741]
	(No symbol) [0x004233ED]
	(No symbol) [0x0045B5B1]
	(No symbol) [0x0045A0AF]
	(No symbol) [0x0045869B]
	(No symbol) [0x00457A35]
	(No symbol) [0x0044FF9A]
	(No symbol) [0x00472B5C]
	(No symbol) [0x0044F9D6]
	(No symbol) [0x00472DD4]
	(No symbol) [0x004855CA]
	(No symbol) [0x00472956]
	(No symbol) [0x0044E17E]
	(No symbol) [0x0044F32D]
	GetHandleVerifier [0x00855AF9+2865305]
	GetHandleVerifier [0x0089E78B+3163435]
	GetHandleVerifier [0x00898441+3138017]
	GetHandleVerifier [0x0062E0F0+605840]
	(No symbol) [0x0053A64C]
	(No symbol) [0x00536638]
	(No symbol) [0x0053675F]
	(No symbol) [0x00528DB7]
	BaseThreadInitThunk [0x77737BA9+25]
	RtlInitializeExceptionChain [0x77C1BD3B+107]
	RtlClearBits [0x77C1BCBF+191]

2023-10-26 10:29:57,658 - INFO - ====== WebDriver manager ======
2023-10-26 10:29:58,580 - INFO - Get LATEST chromedriver version for google-chrome
2023-10-26 10:29:59,001 - INFO - Get LATEST chromedriver version for google-chrome
2023-10-26 10:29:59,424 - INFO - Driver [C:\Users\camst\.wdm\drivers\chromedriver\win64\118.0.5993.70\chromedriver-win32/chromedriver.exe] found in cache
2023-10-26 10:30:02,788 - ERROR - Error while accepting cookies: Message: element click intercepted: Element is not clickable at point (54, 1180)
  (Session info: chrome=118.0.5993.117)
Stacktrace:
	GetHandleVerifier [0x005A4DE3+43907]
	(No symbol) [0x00530741]
	(No symbol) [0x004233ED]
	(No symbol) [0x0045B5B1]
	(No symbol) [0x0045A0AF]
	(No symbol) [0x0045869B]
	(No symbol) [0x00457A35]
	(No symbol) [0x0044FF9A]
	(No symbol) [0x00472B5C]
	(No symbol) [0x0044F9D6]
	(No symbol) [0x00472DD4]
	(No symbol) [0x004855CA]
	(No symbol) [0x00472956]
	(No symbol) [0x0044E17E]
	(No symbol) [0x0044F32D]
	GetHandleVerifier [0x00855AF9+2865305]
	GetHandleVerifier [0x0089E78B+3163435]
	GetHandleVerifier [0x00898441+3138017]
	GetHandleVerifier [0x0062E0F0+605840]
	(No symbol) [0x0053A64C]
	(No symbol) [0x00536638]
	(No symbol) [0x0053675F]
	(No symbol) [0x00528DB7]
	BaseThreadInitThunk [0x77737BA9+25]
	RtlInitializeExceptionChain [0x77C1BD3B+107]
	RtlClearBits [0x77C1BCBF+191]

2023-10-26 10:30:04,858 - ERROR - Error while processing video 'Branch Report: Philippines': Message: element click intercepted: Element <div class="jsDropdownMenu downloadDropdown">...</div> is not clickable at point (93, 829). Other element would receive the click: <div class="lnc-actionButtons">...</div>
  (Session info: chrome=118.0.5993.117)
Stacktrace:
	GetHandleVerifier [0x005A4DE3+43907]
	(No symbol) [0x00530741]
	(No symbol) [0x004233ED]
	(No symbol) [0x0045B5B1]
	(No symbol) [0x0045A0AF]
	(No symbol) [0x0045869B]
	(No symbol) [0x00457A35]
	(No symbol) [0x0044FF9A]
	(No symbol) [0x00472B5C]
	(No symbol) [0x0044F9D6]
	(No symbol) [0x00472DD4]
	(No symbol) [0x004855CA]
	(No symbol) [0x00472956]
	(No symbol) [0x0044E17E]
	(No symbol) [0x0044F32D]
	GetHandleVerifier [0x00855AF9+2865305]
	GetHandleVerifier [0x0089E78B+3163435]
	GetHandleVerifier [0x00898441+3138017]
	GetHandleVerifier [0x0062E0F0+605840]
	(No symbol) [0x0053A64C]
	(No symbol) [0x00536638]
	(No symbol) [0x0053675F]
	(No symbol) [0x00528DB7]
	BaseThreadInitThunk [0x77737BA9+25]
	RtlInitializeExceptionChain [0x77C1BD3B+107]
	RtlClearBits [0x77C1BCBF+191]

2023-10-27 07:31:31,895 - INFO - ====== WebDriver manager ======
